2013/03/25 08:12:12 [error] [exception.CHttpException.403] exception 'CHttpException' with message 'You are not authorized to perform this action.' in C:\xampp\htdocs\bidding\protected\modules\rights\components\RController.php:62
Stack trace:
#0 C:\xampp\htdocs\bidding\protected\modules\rights\components\RightsFilter.php(57): RController->accessDenied()
#1 C:\xampp\framework\web\filters\CFilter.php(39): RightsFilter->preFilter(Object(CFilterChain))
#2 C:\xampp\htdocs\bidding\protected\modules\rights\components\RController.php(36): CFilter->filter(Object(CFilterChain))
#3 C:\xampp\framework\web\filters\CInlineFilter.php(59): RController->filterRights(Object(CFilterChain))
#4 C:\xampp\framework\web\filters\CFilterChain.php(131): CInlineFilter->filter(Object(CFilterChain))
#5 C:\xampp\framework\web\CController.php(292): CFilterChain->run()
#6 C:\xampp\framework\web\CController.php(266): CController->runActionWithFilters(Object(CInlineAction), Array)
#7 C:\xampp\framework\web\CWebApplication.php(276): CController->run('mylistings')
#8 C:\xampp\framework\web\CWebApplication.php(135): CWebApplication->runController('listing/mylisti...')
#9 C:\xampp\framework\base\CApplication.php(162): CWebApplication->processRequest()
#10 C:\xampp\htdocs\bidding\index.php(13): CApplication->run()
#11 {main}
REQUEST_URI=/bidding/listing/mylistings
HTTP_REFERER=http://127.0.0.1/bidding/user/profile
---
2013/03/25 08:13:10 [error] [exception.CHttpException.403] exception 'CHttpException' with message 'You are not authorized to perform this action.' in C:\xampp\htdocs\bidding\protected\modules\rights\components\RController.php:62
Stack trace:
#0 C:\xampp\htdocs\bidding\protected\modules\rights\components\RightsFilter.php(57): RController->accessDenied()
#1 C:\xampp\framework\web\filters\CFilter.php(39): RightsFilter->preFilter(Object(CFilterChain))
#2 C:\xampp\htdocs\bidding\protected\modules\rights\components\RController.php(36): CFilter->filter(Object(CFilterChain))
#3 C:\xampp\framework\web\filters\CInlineFilter.php(59): RController->filterRights(Object(CFilterChain))
#4 C:\xampp\framework\web\filters\CFilterChain.php(131): CInlineFilter->filter(Object(CFilterChain))
#5 C:\xampp\framework\web\CController.php(292): CFilterChain->run()
#6 C:\xampp\framework\web\CController.php(266): CController->runActionWithFilters(Object(CInlineAction), Array)
#7 C:\xampp\framework\web\CWebApplication.php(276): CController->run('mylistings')
#8 C:\xampp\framework\web\CWebApplication.php(135): CWebApplication->runController('listing/mylisti...')
#9 C:\xampp\framework\base\CApplication.php(162): CWebApplication->processRequest()
#10 C:\xampp\htdocs\bidding\index.php(13): CApplication->run()
#11 {main}
REQUEST_URI=/bidding/listing/mylistings
HTTP_REFERER=http://127.0.0.1/bidding/user/profile/edit
---
2013/03/25 08:15:45 [error] [exception.CHttpException.404] exception 'CHttpException' with message 'Unable to resolve the request "assets/e4a37090/images/map_pick.png".' in C:\xampp\framework\web\CWebApplication.php:280
Stack trace:
#0 C:\xampp\framework\web\CWebApplication.php(135): CWebApplication->runController('assets/e4a37090...')
#1 C:\xampp\framework\base\CApplication.php(162): CWebApplication->processRequest()
#2 C:\xampp\htdocs\bidding\index.php(13): CApplication->run()
#3 {main}
REQUEST_URI=/bidding/assets/e4a37090/images/map_pick.png
HTTP_REFERER=http://127.0.0.1/bidding/listing/create
---
2013/03/25 08:15:58 [error] [exception.CHttpException.403] exception 'CHttpException' with message 'You are not authorized to perform this action.' in C:\xampp\htdocs\bidding\protected\modules\rights\components\RController.php:62
Stack trace:
#0 C:\xampp\htdocs\bidding\protected\modules\rights\components\RightsFilter.php(57): RController->accessDenied()
#1 C:\xampp\framework\web\filters\CFilter.php(39): RightsFilter->preFilter(Object(CFilterChain))
#2 C:\xampp\htdocs\bidding\protected\modules\rights\components\RController.php(36): CFilter->filter(Object(CFilterChain))
#3 C:\xampp\framework\web\filters\CInlineFilter.php(59): RController->filterRights(Object(CFilterChain))
#4 C:\xampp\framework\web\filters\CFilterChain.php(131): CInlineFilter->filter(Object(CFilterChain))
#5 C:\xampp\framework\web\CController.php(292): CFilterChain->run()
#6 C:\xampp\framework\web\CController.php(266): CController->runActionWithFilters(Object(CInlineAction), Array)
#7 C:\xampp\framework\web\CWebApplication.php(276): CController->run('mylistings')
#8 C:\xampp\framework\web\CWebApplication.php(135): CWebApplication->runController('listing/mylisti...')
#9 C:\xampp\framework\base\CApplication.php(162): CWebApplication->processRequest()
#10 C:\xampp\htdocs\bidding\index.php(13): CApplication->run()
#11 {main}
REQUEST_URI=/bidding/listing/mylistings
HTTP_REFERER=http://127.0.0.1/bidding/index.php
---
2013/03/25 08:18:42 [error] [exception.CHttpException.403] exception 'CHttpException' with message 'You are not authorized to perform this action.' in C:\xampp\htdocs\bidding\protected\modules\rights\components\RController.php:62
Stack trace:
#0 C:\xampp\htdocs\bidding\protected\modules\rights\components\RightsFilter.php(57): RController->accessDenied()
#1 C:\xampp\framework\web\filters\CFilter.php(39): RightsFilter->preFilter(Object(CFilterChain))
#2 C:\xampp\htdocs\bidding\protected\modules\rights\components\RController.php(36): CFilter->filter(Object(CFilterChain))
#3 C:\xampp\framework\web\filters\CInlineFilter.php(59): RController->filterRights(Object(CFilterChain))
#4 C:\xampp\framework\web\filters\CFilterChain.php(131): CInlineFilter->filter(Object(CFilterChain))
#5 C:\xampp\framework\web\CController.php(292): CFilterChain->run()
#6 C:\xampp\framework\web\CController.php(266): CController->runActionWithFilters(Object(CInlineAction), Array)
#7 C:\xampp\framework\web\CWebApplication.php(276): CController->run('mylistings')
#8 C:\xampp\framework\web\CWebApplication.php(135): CWebApplication->runController('listing/mylisti...')
#9 C:\xampp\framework\base\CApplication.php(162): CWebApplication->processRequest()
#10 C:\xampp\htdocs\bidding\index.php(13): CApplication->run()
#11 {main}
REQUEST_URI=/bidding/listing/mylistings
HTTP_REFERER=http://127.0.0.1/bidding/index.php
---
2013/03/25 08:19:41 [error] [exception.CHttpException.403] exception 'CHttpException' with message 'You are not authorized to perform this action.' in C:\xampp\htdocs\bidding\protected\modules\rights\components\RController.php:62
Stack trace:
#0 C:\xampp\htdocs\bidding\protected\modules\rights\components\RightsFilter.php(57): RController->accessDenied()
#1 C:\xampp\framework\web\filters\CFilter.php(39): RightsFilter->preFilter(Object(CFilterChain))
#2 C:\xampp\htdocs\bidding\protected\modules\rights\components\RController.php(36): CFilter->filter(Object(CFilterChain))
#3 C:\xampp\framework\web\filters\CInlineFilter.php(59): RController->filterRights(Object(CFilterChain))
#4 C:\xampp\framework\web\filters\CFilterChain.php(131): CInlineFilter->filter(Object(CFilterChain))
#5 C:\xampp\framework\web\CController.php(292): CFilterChain->run()
#6 C:\xampp\framework\web\CController.php(266): CController->runActionWithFilters(Object(CInlineAction), Array)
#7 C:\xampp\framework\web\CWebApplication.php(276): CController->run('mylistings')
#8 C:\xampp\framework\web\CWebApplication.php(135): CWebApplication->runController('listing/mylisti...')
#9 C:\xampp\framework\base\CApplication.php(162): CWebApplication->processRequest()
#10 C:\xampp\htdocs\bidding\index.php(13): CApplication->run()
#11 {main}
REQUEST_URI=/bidding/listing/mylistings
HTTP_REFERER=http://127.0.0.1/bidding/index.php
---
2013/03/25 08:22:15 [error] [exception.CException] exception 'CException' with message 'RDbAuthManager and its behaviors do not have a method or closure named "getAuthorizer".' in C:\xampp\framework\base\CComponent.php:266
Stack trace:
#0 C:\xampp\htdocs\bidding\protected\modules\rights\components\Rights.php(287): CComponent->__call('getAuthorizer', Array)
#1 C:\xampp\htdocs\bidding\protected\modules\rights\components\Rights.php(287): RDbAuthManager->getAuthorizer()
#2 C:\xampp\htdocs\bidding\protected\modules\rights\components\RWebUser.php(21): Rights::getAuthorizer()
#3 C:\xampp\framework\web\auth\CWebUser.php(239): RWebUser->afterLogin(false)
#4 C:\xampp\htdocs\bidding\protected\modules\user\models\UserLogin.php(57): CWebUser->login(Object(UserIdentity), 0)
#5 C:\xampp\framework\validators\CInlineValidator.php(43): UserLogin->authenticate('password', Array)
#6 C:\xampp\framework\validators\CValidator.php(197): CInlineValidator->validateAttribute(Object(UserLogin), 'password')
#7 C:\xampp\framework\base\CModel.php(158): CValidator->validate(Object(UserLogin), NULL)
#8 C:\xampp\htdocs\bidding\protected\modules\user\controllers\LoginController.php(19): CModel->validate()
#9 C:\xampp\framework\web\actions\CInlineAction.php(50): LoginController->actionLogin()
#10 C:\xampp\framework\web\CController.php(309): CInlineAction->runWithParams(Array)
#11 C:\xampp\framework\web\CController.php(287): CController->runAction(Object(CInlineAction))
#12 C:\xampp\framework\web\CController.php(266): CController->runActionWithFilters(Object(CInlineAction), Array)
#13 C:\xampp\framework\web\CWebApplication.php(276): CController->run('')
#14 C:\xampp\framework\web\CWebApplication.php(135): CWebApplication->runController('user/login')
#15 C:\xampp\framework\base\CApplication.php(162): CWebApplication->processRequest()
#16 C:\xampp\htdocs\bidding\index.php(13): CApplication->run()
#17 {main}
REQUEST_URI=/bidding/user/login
HTTP_REFERER=http://127.0.0.1/bidding/user/login
---
2013/03/25 08:23:52 [error] [exception.CHttpException.403] exception 'CHttpException' with message 'You are not authorized to perform this action.' in C:\xampp\htdocs\bidding\protected\modules\rights\components\RController.php:62
Stack trace:
#0 C:\xampp\htdocs\bidding\protected\modules\rights\components\RightsFilter.php(57): RController->accessDenied()
#1 C:\xampp\framework\web\filters\CFilter.php(39): RightsFilter->preFilter(Object(CFilterChain))
#2 C:\xampp\htdocs\bidding\protected\modules\rights\components\RController.php(36): CFilter->filter(Object(CFilterChain))
#3 C:\xampp\framework\web\filters\CInlineFilter.php(59): RController->filterRights(Object(CFilterChain))
#4 C:\xampp\framework\web\filters\CFilterChain.php(131): CInlineFilter->filter(Object(CFilterChain))
#5 C:\xampp\framework\web\CController.php(292): CFilterChain->run()
#6 C:\xampp\framework\web\CController.php(266): CController->runActionWithFilters(Object(CInlineAction), Array)
#7 C:\xampp\framework\web\CWebApplication.php(276): CController->run('mylistings')
#8 C:\xampp\framework\web\CWebApplication.php(135): CWebApplication->runController('listing/mylisti...')
#9 C:\xampp\framework\base\CApplication.php(162): CWebApplication->processRequest()
#10 C:\xampp\htdocs\bidding\index.php(13): CApplication->run()
#11 {main}
REQUEST_URI=/bidding/listing/mylistings
HTTP_REFERER=http://127.0.0.1/bidding/user/profile
---
2013/03/25 08:24:14 [error] [exception.CException] exception 'CException' with message 'Property "RightsModule.assignmentTable" is not defined.' in C:\xampp\framework\base\CComponent.php:174
Stack trace:
#0 C:\xampp\framework\base\CModule.php(483): CComponent->__set('assignmentTable', 'authassignment')
#1 C:\xampp\framework\base\CModule.php(87): CModule->configure(Array)
#2 C:\xampp\framework\YiiBase.php(208): CModule->__construct('rights', NULL, Array)
#3 C:\xampp\framework\base\CModule.php(283): YiiBase::createComponent('rights.RightsMo...', 'rights', NULL, Array)
#4 C:\xampp\htdocs\bidding\protected\modules\rights\components\Rights.php(271): CModule->getModule('rights')
#5 C:\xampp\htdocs\bidding\protected\modules\rights\components\Rights.php(254): Rights::findModule()
#6 C:\xampp\htdocs\bidding\protected\modules\rights\components\Rights.php(287): Rights::module()
#7 C:\xampp\htdocs\bidding\protected\modules\rights\components\RWebUser.php(21): Rights::getAuthorizer()
#8 C:\xampp\framework\web\auth\CWebUser.php(239): RWebUser->afterLogin(false)
#9 C:\xampp\htdocs\bidding\protected\modules\user\models\UserLogin.php(57): CWebUser->login(Object(UserIdentity), 0)
#10 C:\xampp\framework\validators\CInlineValidator.php(43): UserLogin->authenticate('password', Array)
#11 C:\xampp\framework\validators\CValidator.php(197): CInlineValidator->validateAttribute(Object(UserLogin), 'password')
#12 C:\xampp\framework\base\CModel.php(158): CValidator->validate(Object(UserLogin), NULL)
#13 C:\xampp\htdocs\bidding\protected\modules\user\controllers\LoginController.php(19): CModel->validate()
#14 C:\xampp\framework\web\actions\CInlineAction.php(50): LoginController->actionLogin()
#15 C:\xampp\framework\web\CController.php(309): CInlineAction->runWithParams(Array)
#16 C:\xampp\framework\web\CController.php(287): CController->runAction(Object(CInlineAction))
#17 C:\xampp\framework\web\CController.php(266): CController->runActionWithFilters(Object(CInlineAction), Array)
#18 C:\xampp\framework\web\CWebApplication.php(276): CController->run('')
#19 C:\xampp\framework\web\CWebApplication.php(135): CWebApplication->runController('user/login')
#20 C:\xampp\framework\base\CApplication.php(162): CWebApplication->processRequest()
#21 C:\xampp\htdocs\bidding\index.php(13): CApplication->run()
#22 {main}
REQUEST_URI=/bidding/user/login
HTTP_REFERER=http://127.0.0.1/bidding/user/login
---
2013/03/25 08:28:48 [error] [exception.CHttpException.404] exception 'CHttpException' with message 'Unable to resolve the request "assets/e4a37090/images/map_pick.png".' in C:\xampp\framework\web\CWebApplication.php:280
Stack trace:
#0 C:\xampp\framework\web\CWebApplication.php(135): CWebApplication->runController('assets/e4a37090...')
#1 C:\xampp\framework\base\CApplication.php(162): CWebApplication->processRequest()
#2 C:\xampp\htdocs\bidding\index.php(13): CApplication->run()
#3 {main}
REQUEST_URI=/bidding/assets/e4a37090/images/map_pick.png
HTTP_REFERER=http://127.0.0.1/bidding/listing/create
---
2013/03/25 08:32:20 [warning] [application] Failed to set unsafe attribute "verifyCode" of "RegistrationForm".
in C:\xampp\htdocs\bidding\protected\modules\user\controllers\RegistrationController.php (30)
in C:\xampp\htdocs\bidding\index.php (13)
2013/03/25 08:32:23 [warning] [application] Failed to set unsafe attribute "verifyCode" of "RegistrationForm".
in C:\xampp\htdocs\bidding\protected\modules\user\controllers\RegistrationController.php (30)
in C:\xampp\htdocs\bidding\index.php (13)
2013/03/25 08:32:25 [warning] [application] Failed to set unsafe attribute "verifyCode" of "RegistrationForm".
in C:\xampp\htdocs\bidding\protected\modules\user\controllers\RegistrationController.php (30)
in C:\xampp\htdocs\bidding\index.php (13)
2013/03/25 08:32:29 [warning] [application] Failed to set unsafe attribute "verifyCode" of "RegistrationForm".
in C:\xampp\htdocs\bidding\protected\modules\user\controllers\RegistrationController.php (30)
in C:\xampp\htdocs\bidding\index.php (13)
2013/03/25 08:32:31 [warning] [application] Failed to set unsafe attribute "verifyCode" of "RegistrationForm".
in C:\xampp\htdocs\bidding\protected\modules\user\controllers\RegistrationController.php (30)
in C:\xampp\htdocs\bidding\index.php (13)
2013/03/25 08:32:31 [warning] [application] Failed to set unsafe attribute "verifyCode" of "RegistrationForm".
in C:\xampp\htdocs\bidding\protected\modules\user\controllers\RegistrationController.php (30)
in C:\xampp\htdocs\bidding\index.php (13)
2013/03/25 08:32:33 [warning] [application] Failed to set unsafe attribute "verifyCode" of "RegistrationForm".
in C:\xampp\htdocs\bidding\protected\modules\user\controllers\RegistrationController.php (30)
in C:\xampp\htdocs\bidding\index.php (13)
2013/03/25 08:32:36 [warning] [application] Failed to set unsafe attribute "verifyCode" of "RegistrationForm".
in C:\xampp\htdocs\bidding\protected\modules\user\controllers\RegistrationController.php (30)
in C:\xampp\htdocs\bidding\index.php (13)
2013/03/25 08:32:38 [warning] [application] Failed to set unsafe attribute "verifyCode" of "RegistrationForm".
in C:\xampp\htdocs\bidding\protected\modules\user\controllers\RegistrationController.php (30)
in C:\xampp\htdocs\bidding\index.php (13)
2013/03/25 08:32:45 [warning] [application] Failed to set unsafe attribute "verifyCode" of "RegistrationForm".
in C:\xampp\htdocs\bidding\protected\modules\user\controllers\RegistrationController.php (30)
in C:\xampp\htdocs\bidding\index.php (13)
2013/03/25 08:36:44 [error] [exception.CHttpException.403] exception 'CHttpException' with message 'You are not authorized to perform this action.' in C:\xampp\htdocs\bidding\protected\modules\rights\components\RController.php:62
Stack trace:
#0 C:\xampp\htdocs\bidding\protected\modules\rights\components\RightsFilter.php(57): RController->accessDenied()
#1 C:\xampp\framework\web\filters\CFilter.php(39): RightsFilter->preFilter(Object(CFilterChain))
#2 C:\xampp\htdocs\bidding\protected\modules\rights\components\RController.php(36): CFilter->filter(Object(CFilterChain))
#3 C:\xampp\framework\web\filters\CInlineFilter.php(59): RController->filterRights(Object(CFilterChain))
#4 C:\xampp\framework\web\filters\CFilterChain.php(131): CInlineFilter->filter(Object(CFilterChain))
#5 C:\xampp\framework\web\CController.php(292): CFilterChain->run()
#6 C:\xampp\framework\web\CController.php(266): CController->runActionWithFilters(Object(CInlineAction), Array)
#7 C:\xampp\framework\web\CWebApplication.php(276): CController->run('mylistings')
#8 C:\xampp\framework\web\CWebApplication.php(135): CWebApplication->runController('listing/mylisti...')
#9 C:\xampp\framework\base\CApplication.php(162): CWebApplication->processRequest()
#10 C:\xampp\htdocs\bidding\index.php(13): CApplication->run()
#11 {main}
REQUEST_URI=/bidding/listing/mylistings
HTTP_REFERER=http://127.0.0.1/bidding/index.php
---
2013/03/25 08:36:58 [error] [exception.CHttpException.403] exception 'CHttpException' with message 'You are not authorized to perform this action.' in C:\xampp\htdocs\bidding\protected\modules\rights\components\RController.php:62
Stack trace:
#0 C:\xampp\htdocs\bidding\protected\modules\rights\components\RightsFilter.php(57): RController->accessDenied()
#1 C:\xampp\framework\web\filters\CFilter.php(39): RightsFilter->preFilter(Object(CFilterChain))
#2 C:\xampp\htdocs\bidding\protected\modules\rights\components\RController.php(36): CFilter->filter(Object(CFilterChain))
#3 C:\xampp\framework\web\filters\CInlineFilter.php(59): RController->filterRights(Object(CFilterChain))
#4 C:\xampp\framework\web\filters\CFilterChain.php(131): CInlineFilter->filter(Object(CFilterChain))
#5 C:\xampp\framework\web\CController.php(292): CFilterChain->run()
#6 C:\xampp\framework\web\CController.php(266): CController->runActionWithFilters(Object(CInlineAction), Array)
#7 C:\xampp\framework\web\CWebApplication.php(276): CController->run('create')
#8 C:\xampp\framework\web\CWebApplication.php(135): CWebApplication->runController('listing/create')
#9 C:\xampp\framework\base\CApplication.php(162): CWebApplication->processRequest()
#10 C:\xampp\htdocs\bidding\index.php(13): CApplication->run()
#11 {main}
REQUEST_URI=/bidding/listing/create
HTTP_REFERER=http://127.0.0.1/bidding/index.php
---
2013/03/25 08:37:08 [error] [exception.CHttpException.403] exception 'CHttpException' with message 'You are not authorized to perform this action.' in C:\xampp\framework\web\auth\CAccessControlFilter.php:157
Stack trace:
#0 C:\xampp\framework\web\auth\CAccessControlFilter.php(120): CAccessControlFilter->accessDenied(Object(RWebUser), 'You are not aut...')
#1 C:\xampp\framework\web\filters\CFilter.php(39): CAccessControlFilter->preFilter(Object(CFilterChain))
#2 C:\xampp\framework\web\CController.php(1146): CFilter->filter(Object(CFilterChain))
#3 C:\xampp\framework\web\filters\CInlineFilter.php(59): CController->filterAccessControl(Object(CFilterChain))
#4 C:\xampp\framework\web\filters\CFilterChain.php(131): CInlineFilter->filter(Object(CFilterChain))
#5 C:\xampp\framework\web\CController.php(292): CFilterChain->run()
#6 C:\xampp\framework\web\CController.php(266): CController->runActionWithFilters(Object(CInlineAction), Array)
#7 C:\xampp\framework\web\CWebApplication.php(276): CController->run('')
#8 C:\xampp\framework\web\CWebApplication.php(135): CWebApplication->runController('rights')
#9 C:\xampp\framework\base\CApplication.php(162): CWebApplication->processRequest()
#10 C:\xampp\htdocs\bidding\index.php(13): CApplication->run()
#11 {main}
REQUEST_URI=/bidding/rights
---
2013/03/25 08:43:56 [error] [exception.CHttpException.403] exception 'CHttpException' with message 'You are not authorized to perform this action.' in C:\xampp\htdocs\bidding\protected\modules\rights\components\RController.php:62
Stack trace:
#0 C:\xampp\htdocs\bidding\protected\modules\rights\components\RightsFilter.php(57): RController->accessDenied()
#1 C:\xampp\framework\web\filters\CFilter.php(39): RightsFilter->preFilter(Object(CFilterChain))
#2 C:\xampp\htdocs\bidding\protected\modules\rights\components\RController.php(36): CFilter->filter(Object(CFilterChain))
#3 C:\xampp\framework\web\filters\CInlineFilter.php(59): RController->filterRights(Object(CFilterChain))
#4 C:\xampp\framework\web\filters\CFilterChain.php(131): CInlineFilter->filter(Object(CFilterChain))
#5 C:\xampp\framework\web\CController.php(292): CFilterChain->run()
#6 C:\xampp\framework\web\CController.php(266): CController->runActionWithFilters(Object(CInlineAction), Array)
#7 C:\xampp\framework\web\CWebApplication.php(276): CController->run('create')
#8 C:\xampp\framework\web\CWebApplication.php(135): CWebApplication->runController('listing/create')
#9 C:\xampp\framework\base\CApplication.php(162): CWebApplication->processRequest()
#10 C:\xampp\htdocs\bidding\index.php(13): CApplication->run()
#11 {main}
REQUEST_URI=/bidding/listing/create
HTTP_REFERER=http://127.0.0.1/bidding/index.php
---
2013/03/25 08:44:28 [error] [exception.CHttpException.403] exception 'CHttpException' with message 'You are not authorized to perform this action.' in C:\xampp\htdocs\bidding\protected\modules\rights\components\RController.php:62
Stack trace:
#0 C:\xampp\htdocs\bidding\protected\modules\rights\components\RightsFilter.php(57): RController->accessDenied()
#1 C:\xampp\framework\web\filters\CFilter.php(39): RightsFilter->preFilter(Object(CFilterChain))
#2 C:\xampp\htdocs\bidding\protected\modules\rights\components\RController.php(36): CFilter->filter(Object(CFilterChain))
#3 C:\xampp\framework\web\filters\CInlineFilter.php(59): RController->filterRights(Object(CFilterChain))
#4 C:\xampp\framework\web\filters\CFilterChain.php(131): CInlineFilter->filter(Object(CFilterChain))
#5 C:\xampp\framework\web\CController.php(292): CFilterChain->run()
#6 C:\xampp\framework\web\CController.php(266): CController->runActionWithFilters(Object(CInlineAction), Array)
#7 C:\xampp\framework\web\CWebApplication.php(276): CController->run('create')
#8 C:\xampp\framework\web\CWebApplication.php(135): CWebApplication->runController('listing/create')
#9 C:\xampp\framework\base\CApplication.php(162): CWebApplication->processRequest()
#10 C:\xampp\htdocs\bidding\index.php(13): CApplication->run()
#11 {main}
REQUEST_URI=/bidding/listing/create
HTTP_REFERER=http://127.0.0.1/bidding/index.php
---
2013/03/25 08:44:28 [error] [exception.CHttpException.403] exception 'CHttpException' with message 'You are not authorized to perform this action.' in C:\xampp\htdocs\bidding\protected\modules\rights\components\RController.php:62
Stack trace:
#0 C:\xampp\htdocs\bidding\protected\modules\rights\components\RightsFilter.php(57): RController->accessDenied()
#1 C:\xampp\framework\web\filters\CFilter.php(39): RightsFilter->preFilter(Object(CFilterChain))
#2 C:\xampp\htdocs\bidding\protected\modules\rights\components\RController.php(36): CFilter->filter(Object(CFilterChain))
#3 C:\xampp\framework\web\filters\CInlineFilter.php(59): RController->filterRights(Object(CFilterChain))
#4 C:\xampp\framework\web\filters\CFilterChain.php(131): CInlineFilter->filter(Object(CFilterChain))
#5 C:\xampp\framework\web\CController.php(292): CFilterChain->run()
#6 C:\xampp\framework\web\CController.php(266): CController->runActionWithFilters(Object(CInlineAction), Array)
#7 C:\xampp\framework\web\CWebApplication.php(276): CController->run('create')
#8 C:\xampp\framework\web\CWebApplication.php(135): CWebApplication->runController('listing/create')
#9 C:\xampp\framework\base\CApplication.php(162): CWebApplication->processRequest()
#10 C:\xampp\htdocs\bidding\index.php(13): CApplication->run()
#11 {main}
REQUEST_URI=/bidding/listing/create
HTTP_REFERER=http://127.0.0.1/bidding/index.php
---
2013/03/25 08:49:20 [warning] [application] Failed to set unsafe attribute "verifyCode" of "RegistrationForm".
in C:\xampp\htdocs\bidding\protected\modules\user\controllers\RegistrationController.php (30)
in C:\xampp\htdocs\bidding\index.php (13)
2013/03/25 08:49:23 [warning] [application] Failed to set unsafe attribute "verifyCode" of "RegistrationForm".
in C:\xampp\htdocs\bidding\protected\modules\user\controllers\RegistrationController.php (30)
in C:\xampp\htdocs\bidding\index.php (13)
2013/03/25 08:49:25 [warning] [application] Failed to set unsafe attribute "verifyCode" of "RegistrationForm".
in C:\xampp\htdocs\bidding\protected\modules\user\controllers\RegistrationController.php (30)
in C:\xampp\htdocs\bidding\index.php (13)
2013/03/25 08:49:28 [warning] [application] Failed to set unsafe attribute "verifyCode" of "RegistrationForm".
in C:\xampp\htdocs\bidding\protected\modules\user\controllers\RegistrationController.php (30)
in C:\xampp\htdocs\bidding\index.php (13)
2013/03/25 08:49:31 [warning] [application] Failed to set unsafe attribute "verifyCode" of "RegistrationForm".
in C:\xampp\htdocs\bidding\protected\modules\user\controllers\RegistrationController.php (30)
in C:\xampp\htdocs\bidding\index.php (13)
2013/03/25 08:49:32 [warning] [application] Failed to set unsafe attribute "verifyCode" of "RegistrationForm".
in C:\xampp\htdocs\bidding\protected\modules\user\controllers\RegistrationController.php (30)
in C:\xampp\htdocs\bidding\index.php (13)
2013/03/25 08:49:38 [warning] [application] Failed to set unsafe attribute "verifyCode" of "RegistrationForm".
in C:\xampp\htdocs\bidding\protected\modules\user\controllers\RegistrationController.php (30)
in C:\xampp\htdocs\bidding\index.php (13)
2013/03/25 08:49:38 [error] [php] Missing argument 1 for Rights::assign(), called in C:\xampp\htdocs\bidding\protected\modules\user\controllers\RegistrationController.php on line 50 and defined (C:\xampp\htdocs\bidding\protected\modules\rights\components\Rights.php:29)
Stack trace:
#0 C:\xampp\framework\web\CController.php(309): CInlineAction->runWithParams()
#1 C:\xampp\framework\web\CController.php(287): RegistrationController->runAction()
#2 C:\xampp\framework\web\CController.php(266): RegistrationController->runActionWithFilters()
#3 C:\xampp\framework\web\CWebApplication.php(276): RegistrationController->run()
#4 C:\xampp\framework\web\CWebApplication.php(135): CWebApplication->runController()
#5 C:\xampp\framework\base\CApplication.php(162): CWebApplication->processRequest()
#6 C:\xampp\htdocs\bidding\index.php(13): CWebApplication->run()
REQUEST_URI=/bidding/user/registration
in C:\xampp\htdocs\bidding\protected\modules\rights\components\Rights.php (29)
in C:\xampp\htdocs\bidding\protected\modules\user\controllers\RegistrationController.php (50)
in C:\xampp\htdocs\bidding\index.php (13)
2013/03/25 08:50:53 [warning] [application] Failed to set unsafe attribute "verifyCode" of "RegistrationForm".
in C:\xampp\htdocs\bidding\protected\modules\user\controllers\RegistrationController.php (30)
in C:\xampp\htdocs\bidding\index.php (13)
2013/03/25 08:50:55 [warning] [application] Failed to set unsafe attribute "verifyCode" of "RegistrationForm".
in C:\xampp\htdocs\bidding\protected\modules\user\controllers\RegistrationController.php (30)
in C:\xampp\htdocs\bidding\index.php (13)
2013/03/25 08:51:03 [warning] [application] Failed to set unsafe attribute "verifyCode" of "RegistrationForm".
in C:\xampp\htdocs\bidding\protected\modules\user\controllers\RegistrationController.php (30)
in C:\xampp\htdocs\bidding\index.php (13)
2013/03/25 08:51:20 [error] [exception.CHttpException.404] exception 'CHttpException' with message 'Unable to resolve the request "assets/e4a37090/images/map_pick.png".' in C:\xampp\framework\web\CWebApplication.php:280
Stack trace:
#0 C:\xampp\framework\web\CWebApplication.php(135): CWebApplication->runController('assets/e4a37090...')
#1 C:\xampp\framework\base\CApplication.php(162): CWebApplication->processRequest()
#2 C:\xampp\htdocs\bidding\index.php(13): CApplication->run()
#3 {main}
REQUEST_URI=/bidding/assets/e4a37090/images/map_pick.png
HTTP_REFERER=http://127.0.0.1/bidding/listing/create
---
2013/03/25 08:53:01 [error] [exception.CHttpException.404] exception 'CHttpException' with message 'The system is unable to find the requested action "category".' in C:\xampp\framework\web\CController.php:484
Stack trace:
#0 C:\xampp\framework\web\CController.php(271): CController->missingAction('category')
#1 C:\xampp\framework\web\CWebApplication.php(276): CController->run('category')
#2 C:\xampp\framework\web\CWebApplication.php(135): CWebApplication->runController('listing/categor...')
#3 C:\xampp\framework\base\CApplication.php(162): CWebApplication->processRequest()
#4 C:\xampp\htdocs\bidding\index.php(13): CApplication->run()
#5 {main}
REQUEST_URI=/bidding/listing/category/gold
HTTP_REFERER=http://127.0.0.1/bidding/
---
2013/03/25 08:59:41 [error] [exception.CHttpException.404] exception 'CHttpException' with message 'The system is unable to find the requested action "category".' in C:\xampp\framework\web\CController.php:484
Stack trace:
#0 C:\xampp\framework\web\CController.php(271): CController->missingAction('category')
#1 C:\xampp\framework\web\CWebApplication.php(276): CController->run('category')
#2 C:\xampp\framework\web\CWebApplication.php(135): CWebApplication->runController('listing/categor...')
#3 C:\xampp\framework\base\CApplication.php(162): CWebApplication->processRequest()
#4 C:\xampp\htdocs\bidding\index.php(13): CApplication->run()
#5 {main}
REQUEST_URI=/bidding/listing/category/gold
HTTP_REFERER=http://127.0.0.1/bidding/
---
2013/03/25 09:00:39 [error] [exception.CHttpException.403] exception 'CHttpException' with message 'You are not authorized to perform this action.' in C:\xampp\htdocs\bidding\protected\modules\rights\components\RController.php:62
Stack trace:
#0 C:\xampp\htdocs\bidding\protected\modules\rights\components\RightsFilter.php(57): RController->accessDenied()
#1 C:\xampp\framework\web\filters\CFilter.php(39): RightsFilter->preFilter(Object(CFilterChain))
#2 C:\xampp\htdocs\bidding\protected\modules\rights\components\RController.php(36): CFilter->filter(Object(CFilterChain))
#3 C:\xampp\framework\web\filters\CInlineFilter.php(59): RController->filterRights(Object(CFilterChain))
#4 C:\xampp\framework\web\filters\CFilterChain.php(131): CInlineFilter->filter(Object(CFilterChain))
#5 C:\xampp\framework\web\CController.php(292): CFilterChain->run()
#6 C:\xampp\framework\web\CController.php(266): CController->runActionWithFilters(Object(CInlineAction), Array)
#7 C:\xampp\framework\web\CWebApplication.php(276): CController->run('category')
#8 C:\xampp\framework\web\CWebApplication.php(135): CWebApplication->runController('listing/categor...')
#9 C:\xampp\framework\base\CApplication.php(162): CWebApplication->processRequest()
#10 C:\xampp\htdocs\bidding\index.php(13): CApplication->run()
#11 {main}
REQUEST_URI=/bidding/listing/category/gold
HTTP_REFERER=http://127.0.0.1/bidding/user/login
---
2013/03/25 09:02:32 [error] [exception.CHttpException.400] exception 'CHttpException' with message 'Your request is invalid.' in C:\xampp\framework\web\CController.php:337
Stack trace:
#0 C:\xampp\framework\web\CController.php(310): CController->invalidActionParams(Object(CInlineAction))
#1 C:\xampp\framework\web\filters\CFilterChain.php(134): CController->runAction(Object(CInlineAction))
#2 C:\xampp\framework\web\filters\CFilter.php(41): CFilterChain->run()
#3 C:\xampp\htdocs\bidding\protected\modules\rights\components\RController.php(36): CFilter->filter(Object(CFilterChain))
#4 C:\xampp\framework\web\filters\CInlineFilter.php(59): RController->filterRights(Object(CFilterChain))
#5 C:\xampp\framework\web\filters\CFilterChain.php(131): CInlineFilter->filter(Object(CFilterChain))
#6 C:\xampp\framework\web\CController.php(292): CFilterChain->run()
#7 C:\xampp\framework\web\CController.php(266): CController->runActionWithFilters(Object(CInlineAction), Array)
#8 C:\xampp\framework\web\CWebApplication.php(276): CController->run('category')
#9 C:\xampp\framework\web\CWebApplication.php(135): CWebApplication->runController('listing/categor...')
#10 C:\xampp\framework\base\CApplication.php(162): CWebApplication->processRequest()
#11 C:\xampp\htdocs\bidding\index.php(13): CApplication->run()
#12 {main}
REQUEST_URI=/bidding/listing/category/gold
HTTP_REFERER=http://127.0.0.1/bidding/
---
2013/03/25 09:11:46 [error] [exception.CHttpException.404] exception 'CHttpException' with message 'Unable to resolve the request "user/create".' in C:\xampp\framework\web\CWebApplication.php:280
Stack trace:
#0 C:\xampp\framework\web\CWebApplication.php(135): CWebApplication->runController('user/create')
#1 C:\xampp\framework\base\CApplication.php(162): CWebApplication->processRequest()
#2 C:\xampp\htdocs\bidding\index.php(13): CApplication->run()
#3 {main}
REQUEST_URI=/bidding/user/create
---
2013/03/25 09:38:04 [error] [exception.CHttpException.404] exception 'CHttpException' with message 'Unable to resolve the request "assets/e4a37090/images/map_pick.png".' in C:\xampp\framework\web\CWebApplication.php:280
Stack trace:
#0 C:\xampp\framework\web\CWebApplication.php(135): CWebApplication->runController('assets/e4a37090...')
#1 C:\xampp\framework\base\CApplication.php(162): CWebApplication->processRequest()
#2 C:\xampp\htdocs\bidding\index.php(13): CApplication->run()
#3 {main}
REQUEST_URI=/bidding/assets/e4a37090/images/map_pick.png
HTTP_REFERER=http://127.0.0.1/bidding/listing/update/22
---
2013/03/25 09:51:12 [error] [exception.CHttpException.404] exception 'CHttpException' with message 'Unable to resolve the request "assets/e4a37090/images/map_pick.png".' in C:\xampp\framework\web\CWebApplication.php:280
Stack trace:
#0 C:\xampp\framework\web\CWebApplication.php(135): CWebApplication->runController('assets/e4a37090...')
#1 C:\xampp\framework\base\CApplication.php(162): CWebApplication->processRequest()
#2 C:\xampp\htdocs\bidding\index.php(13): CApplication->run()
#3 {main}
REQUEST_URI=/bidding/assets/e4a37090/images/map_pick.png
HTTP_REFERER=http://127.0.0.1/bidding/listing/update/16
---
2013/03/25 09:51:25 [warning] [application] Failed to set unsafe attribute "status" of "Listing".
in C:\xampp\htdocs\bidding\protected\controllers\ListingController.php (115)
in C:\xampp\htdocs\bidding\protected\modules\rights\components\RController.php (36)
in C:\xampp\htdocs\bidding\index.php (13)
2013/03/25 09:51:32 [error] [exception.CHttpException.404] exception 'CHttpException' with message 'Unable to resolve the request "assets/e4a37090/images/map_pick.png".' in C:\xampp\framework\web\CWebApplication.php:280
Stack trace:
#0 C:\xampp\framework\web\CWebApplication.php(135): CWebApplication->runController('assets/e4a37090...')
#1 C:\xampp\framework\base\CApplication.php(162): CWebApplication->processRequest()
#2 C:\xampp\htdocs\bidding\index.php(13): CApplication->run()
#3 {main}
REQUEST_URI=/bidding/assets/e4a37090/images/map_pick.png
HTTP_REFERER=http://127.0.0.1/bidding/listing/update/16
---
2013/03/25 09:51:40 [warning] [application] Failed to set unsafe attribute "status" of "Listing".
in C:\xampp\htdocs\bidding\protected\controllers\ListingController.php (115)
in C:\xampp\htdocs\bidding\protected\modules\rights\components\RController.php (36)
in C:\xampp\htdocs\bidding\index.php (13)
2013/03/25 09:51:44 [error] [exception.CHttpException.404] exception 'CHttpException' with message 'Unable to resolve the request "assets/e4a37090/images/map_pick.png".' in C:\xampp\framework\web\CWebApplication.php:280
Stack trace:
#0 C:\xampp\framework\web\CWebApplication.php(135): CWebApplication->runController('assets/e4a37090...')
#1 C:\xampp\framework\base\CApplication.php(162): CWebApplication->processRequest()
#2 C:\xampp\htdocs\bidding\index.php(13): CApplication->run()
#3 {main}
REQUEST_URI=/bidding/assets/e4a37090/images/map_pick.png
HTTP_REFERER=http://127.0.0.1/bidding/listing/update/16
---
2013/03/25 09:51:50 [warning] [application] Failed to set unsafe attribute "status" of "Listing".
in C:\xampp\htdocs\bidding\protected\controllers\ListingController.php (115)
in C:\xampp\htdocs\bidding\protected\modules\rights\components\RController.php (36)
in C:\xampp\htdocs\bidding\index.php (13)
2013/03/25 09:51:54 [error] [exception.CHttpException.404] exception 'CHttpException' with message 'Unable to resolve the request "assets/e4a37090/images/map_pick.png".' in C:\xampp\framework\web\CWebApplication.php:280
Stack trace:
#0 C:\xampp\framework\web\CWebApplication.php(135): CWebApplication->runController('assets/e4a37090...')
#1 C:\xampp\framework\base\CApplication.php(162): CWebApplication->processRequest()
#2 C:\xampp\htdocs\bidding\index.php(13): CApplication->run()
#3 {main}
REQUEST_URI=/bidding/assets/e4a37090/images/map_pick.png
HTTP_REFERER=http://127.0.0.1/bidding/listing/update/16
---
2013/03/25 09:52:13 [warning] [application] Failed to set unsafe attribute "status" of "Listing".
in C:\xampp\htdocs\bidding\protected\controllers\ListingController.php (115)
in C:\xampp\htdocs\bidding\protected\modules\rights\components\RController.php (36)
in C:\xampp\htdocs\bidding\index.php (13)
2013/03/25 09:52:21 [error] [exception.CHttpException.404] exception 'CHttpException' with message 'Unable to resolve the request "assets/e4a37090/images/map_pick.png".' in C:\xampp\framework\web\CWebApplication.php:280
Stack trace:
#0 C:\xampp\framework\web\CWebApplication.php(135): CWebApplication->runController('assets/e4a37090...')
#1 C:\xampp\framework\base\CApplication.php(162): CWebApplication->processRequest()
#2 C:\xampp\htdocs\bidding\index.php(13): CApplication->run()
#3 {main}
REQUEST_URI=/bidding/assets/e4a37090/images/map_pick.png
HTTP_REFERER=http://127.0.0.1/bidding/listing/update/16
---
2013/03/25 09:54:12 [error] [exception.CHttpException.404] exception 'CHttpException' with message 'Unable to resolve the request "assets/e4a37090/images/map_pick.png".' in C:\xampp\framework\web\CWebApplication.php:280
Stack trace:
#0 C:\xampp\framework\web\CWebApplication.php(135): CWebApplication->runController('assets/e4a37090...')
#1 C:\xampp\framework\base\CApplication.php(162): CWebApplication->processRequest()
#2 C:\xampp\htdocs\bidding\index.php(13): CApplication->run()
#3 {main}
REQUEST_URI=/bidding/assets/e4a37090/images/map_pick.png
HTTP_REFERER=http://127.0.0.1/bidding/listing/update/33
---
2013/03/25 09:54:47 [error] [exception.CHttpException.404] exception 'CHttpException' with message 'Unable to resolve the request "assets/e4a37090/images/map_pick.png".' in C:\xampp\framework\web\CWebApplication.php:280
Stack trace:
#0 C:\xampp\framework\web\CWebApplication.php(135): CWebApplication->runController('assets/e4a37090...')
#1 C:\xampp\framework\base\CApplication.php(162): CWebApplication->processRequest()
#2 C:\xampp\htdocs\bidding\index.php(13): CApplication->run()
#3 {main}
REQUEST_URI=/bidding/assets/e4a37090/images/map_pick.png
HTTP_REFERER=http://127.0.0.1/bidding/listing/update/46
---
2013/03/25 09:55:22 [error] [exception.CHttpException.400] exception 'CHttpException' with message 'You are not allowed to edit other user's listings.' in C:\xampp\htdocs\bidding\protected\controllers\ListingController.php:106
Stack trace:
#0 [internal function]: ListingController->actionUpdate('46')
#1 C:\xampp\framework\web\actions\CAction.php(107): ReflectionMethod->invokeArgs(Object(ListingController), Array)
#2 C:\xampp\framework\web\actions\CInlineAction.php(48): CAction->runWithParamsInternal(Object(ListingController), Object(ReflectionMethod), Array)
#3 C:\xampp\framework\web\CController.php(309): CInlineAction->runWithParams(Array)
#4 C:\xampp\framework\web\filters\CFilterChain.php(134): CController->runAction(Object(CInlineAction))
#5 C:\xampp\framework\web\filters\CFilter.php(41): CFilterChain->run()
#6 C:\xampp\htdocs\bidding\protected\modules\rights\components\RController.php(36): CFilter->filter(Object(CFilterChain))
#7 C:\xampp\framework\web\filters\CInlineFilter.php(59): RController->filterRights(Object(CFilterChain))
#8 C:\xampp\framework\web\filters\CFilterChain.php(131): CInlineFilter->filter(Object(CFilterChain))
#9 C:\xampp\framework\web\CController.php(292): CFilterChain->run()
#10 C:\xampp\framework\web\CController.php(266): CController->runActionWithFilters(Object(CInlineAction), Array)
#11 C:\xampp\framework\web\CWebApplication.php(276): CController->run('update')
#12 C:\xampp\framework\web\CWebApplication.php(135): CWebApplication->runController('listing/update')
#13 C:\xampp\framework\base\CApplication.php(162): CWebApplication->processRequest()
#14 C:\xampp\htdocs\bidding\index.php(13): CApplication->run()
#15 {main}
REQUEST_URI=/bidding/listing/update/46
---
2013/03/25 09:55:29 [error] [php] Undefined index: label (C:\xampp\framework\zii\widgets\CMenu.php:243)
Stack trace:
#0 C:\xampp\framework\zii\widgets\CMenu.php(172): CMenu->renderMenuRecursive()
#1 C:\xampp\framework\zii\widgets\CMenu.php(159): CMenu->renderMenu()
#2 C:\xampp\framework\web\CBaseController.php(174): CMenu->run()
#3 C:\xampp\htdocs\bidding\themes\abound\views\layouts\column2.php(16): ProfileController->widget()
#4 C:\xampp\framework\web\CBaseController.php(127): require()
#5 C:\xampp\framework\web\CBaseController.php(96): ProfileController->renderInternal()
#6 C:\xampp\framework\web\CController.php(785): ProfileController->renderFile()
#7 C:\xampp\htdocs\bidding\protected\modules\user\controllers\ProfileController.php(21): ProfileController->render()
#8 C:\xampp\framework\web\actions\CInlineAction.php(50): ProfileController->actionProfile()
#9 C:\xampp\framework\web\CController.php(309): CInlineAction->runWithParams()
#10 C:\xampp\framework\web\CController.php(287): ProfileController->runAction()
#11 C:\xampp\framework\web\CController.php(266): ProfileController->runActionWithFilters()
#12 C:\xampp\framework\web\CWebApplication.php(276): ProfileController->run()
#13 C:\xampp\framework\web\CWebApplication.php(135): CWebApplication->runController()
#14 C:\xampp\framework\base\CApplication.php(162): CWebApplication->processRequest()
#15 C:\xampp\htdocs\bidding\index.php(13): CWebApplication->run()
REQUEST_URI=/bidding/user/profile
in C:\xampp\htdocs\bidding\themes\abound\views\layouts\column2.php (16)
in C:\xampp\htdocs\bidding\protected\modules\user\controllers\ProfileController.php (21)
in C:\xampp\htdocs\bidding\index.php (13)
2013/03/25 09:55:32 [error] [exception.CHttpException.400] exception 'CHttpException' with message 'You are not allowed to edit other user's listings.' in C:\xampp\htdocs\bidding\protected\controllers\ListingController.php:106
Stack trace:
#0 [internal function]: ListingController->actionUpdate('46')
#1 C:\xampp\framework\web\actions\CAction.php(107): ReflectionMethod->invokeArgs(Object(ListingController), Array)
#2 C:\xampp\framework\web\actions\CInlineAction.php(48): CAction->runWithParamsInternal(Object(ListingController), Object(ReflectionMethod), Array)
#3 C:\xampp\framework\web\CController.php(309): CInlineAction->runWithParams(Array)
#4 C:\xampp\framework\web\filters\CFilterChain.php(134): CController->runAction(Object(CInlineAction))
#5 C:\xampp\framework\web\filters\CFilter.php(41): CFilterChain->run()
#6 C:\xampp\htdocs\bidding\protected\modules\rights\components\RController.php(36): CFilter->filter(Object(CFilterChain))
#7 C:\xampp\framework\web\filters\CInlineFilter.php(59): RController->filterRights(Object(CFilterChain))
#8 C:\xampp\framework\web\filters\CFilterChain.php(131): CInlineFilter->filter(Object(CFilterChain))
#9 C:\xampp\framework\web\CController.php(292): CFilterChain->run()
#10 C:\xampp\framework\web\CController.php(266): CController->runActionWithFilters(Object(CInlineAction), Array)
#11 C:\xampp\framework\web\CWebApplication.php(276): CController->run('update')
#12 C:\xampp\framework\web\CWebApplication.php(135): CWebApplication->runController('listing/update')
#13 C:\xampp\framework\base\CApplication.php(162): CWebApplication->processRequest()
#14 C:\xampp\htdocs\bidding\index.php(13): CApplication->run()
#15 {main}
REQUEST_URI=/bidding/listing/update/46
---
2013/03/25 09:55:56 [error] [php] Undefined index: label (C:\xampp\framework\zii\widgets\CMenu.php:243)
Stack trace:
#0 C:\xampp\framework\zii\widgets\CMenu.php(172): CMenu->renderMenuRecursive()
#1 C:\xampp\framework\zii\widgets\CMenu.php(159): CMenu->renderMenu()
#2 C:\xampp\framework\web\CBaseController.php(174): CMenu->run()
#3 C:\xampp\htdocs\bidding\themes\abound\views\layouts\column2.php(16): ProfileController->widget()
#4 C:\xampp\framework\web\CBaseController.php(127): require()
#5 C:\xampp\framework\web\CBaseController.php(96): ProfileController->renderInternal()
#6 C:\xampp\framework\web\CController.php(785): ProfileController->renderFile()
#7 C:\xampp\htdocs\bidding\protected\modules\user\controllers\ProfileController.php(21): ProfileController->render()
#8 C:\xampp\framework\web\actions\CInlineAction.php(50): ProfileController->actionProfile()
#9 C:\xampp\framework\web\CController.php(309): CInlineAction->runWithParams()
#10 C:\xampp\framework\web\CController.php(287): ProfileController->runAction()
#11 C:\xampp\framework\web\CController.php(266): ProfileController->runActionWithFilters()
#12 C:\xampp\framework\web\CWebApplication.php(276): ProfileController->run()
#13 C:\xampp\framework\web\CWebApplication.php(135): CWebApplication->runController()
#14 C:\xampp\framework\base\CApplication.php(162): CWebApplication->processRequest()
#15 C:\xampp\htdocs\bidding\index.php(13): CWebApplication->run()
REQUEST_URI=/bidding/user/profile
in C:\xampp\htdocs\bidding\themes\abound\views\layouts\column2.php (16)
in C:\xampp\htdocs\bidding\protected\modules\user\controllers\ProfileController.php (21)
in C:\xampp\htdocs\bidding\index.php (13)
2013/03/25 12:23:42 [error] [php] Undefined offset: 6 (C:\xampp\htdocs\bidding\protected\components\Weather.php:12)
Stack trace:
#0 C:\xampp\framework\web\CBaseController.php(96): SiteController->renderInternal()
#1 C:\xampp\framework\web\CController.php(870): SiteController->renderFile()
#2 C:\xampp\framework\web\CController.php(783): SiteController->renderPartial()
#3 C:\xampp\htdocs\bidding\protected\controllers\SiteController.php(50): SiteController->render()
#4 C:\xampp\framework\web\actions\CInlineAction.php(50): SiteController->actionIndex()
#5 C:\xampp\framework\web\CController.php(309): CInlineAction->runWithParams()
#6 C:\xampp\framework\web\CController.php(287): SiteController->runAction()
#7 C:\xampp\framework\web\CController.php(266): SiteController->runActionWithFilters()
#8 C:\xampp\framework\web\CWebApplication.php(276): SiteController->run()
#9 C:\xampp\framework\web\CWebApplication.php(135): CWebApplication->runController()
#10 C:\xampp\framework\base\CApplication.php(162): CWebApplication->processRequest()
#11 C:\xampp\htdocs\bidding\index.php(13): CWebApplication->run()
REQUEST_URI=/bidding/
in C:\xampp\htdocs\bidding\protected\components\Weather.php (12)
in C:\xampp\htdocs\bidding\themes\abound\views\site\index.php (35)
in C:\xampp\htdocs\bidding\protected\controllers\SiteController.php (50)
2013/04/06 14:05:27 [error] [exception.CHttpException.403] exception 'CHttpException' with message 'You are not authorized to perform this action.' in C:\xampp\htdocs\bidding\protected\modules\rights\components\RController.php:62
Stack trace:
#0 C:\xampp\htdocs\bidding\protected\modules\rights\components\RightsFilter.php(57): RController->accessDenied()
#1 C:\xampp\framework\web\filters\CFilter.php(39): RightsFilter->preFilter(Object(CFilterChain))
#2 C:\xampp\htdocs\bidding\protected\modules\rights\components\RController.php(36): CFilter->filter(Object(CFilterChain))
#3 C:\xampp\framework\web\filters\CInlineFilter.php(59): RController->filterRights(Object(CFilterChain))
#4 C:\xampp\framework\web\filters\CFilterChain.php(131): CInlineFilter->filter(Object(CFilterChain))
#5 C:\xampp\framework\web\CController.php(292): CFilterChain->run()
#6 C:\xampp\framework\web\CController.php(266): CController->runActionWithFilters(Object(CInlineAction), Array)
#7 C:\xampp\framework\web\CWebApplication.php(276): CController->run('')
#8 C:\xampp\framework\web\CWebApplication.php(135): CWebApplication->runController('scrapper')
#9 C:\xampp\framework\base\CApplication.php(162): CWebApplication->processRequest()
#10 C:\xampp\htdocs\bidding\index.php(13): CApplication->run()
#11 {main}
REQUEST_URI=/bidding/scrapper
HTTP_REFERER=http://127.0.0.1/bidding/user/login
---
2013/04/06 14:07:14 [error] [php] file_get_contents(http://www.ncdex.com/MarketData/LiveSpotQuotes.aspx) [<a href='function.file-get-contents'>function.file-get-contents</a>]: failed to open stream: HTTP request failed! HTTP/1.1 404 Not Found
 (C:\xampp\htdocs\bidding\protected\extensions\SimpleHTMLDOM\SimpleHTMLDOM.php:85)
Stack trace:
#0 C:\xampp\htdocs\bidding\protected\controllers\ScrapperController.php(25): ScrapperController->scrapSpot()
#1 C:\xampp\framework\web\actions\CInlineAction.php(50): ScrapperController->actionIndex()
#2 C:\xampp\framework\web\CController.php(309): CInlineAction->runWithParams()
#3 C:\xampp\framework\web\filters\CFilterChain.php(134): ScrapperController->runAction()
#4 C:\xampp\framework\web\filters\CFilter.php(41): CFilterChain->run()
#5 C:\xampp\htdocs\bidding\protected\modules\rights\components\RController.php(36): RightsFilter->filter()
#6 C:\xampp\framework\web\filters\CInlineFilter.php(59): ScrapperController->filterRights()
#7 C:\xampp\framework\web\filters\CFilterChain.php(131): CInlineFilter->filter()
#8 C:\xampp\framework\web\CController.php(292): CFilterChain->run()
#9 C:\xampp\framework\web\CController.php(266): ScrapperController->runActionWithFilters()
#10 C:\xampp\framework\web\CWebApplication.php(276): ScrapperController->run()
#11 C:\xampp\framework\web\CWebApplication.php(135): CWebApplication->runController()
#12 C:\xampp\framework\base\CApplication.php(162): CWebApplication->processRequest()
#13 C:\xampp\htdocs\bidding\index.php(13): CWebApplication->run()
REQUEST_URI=/bidding/scrapper
in C:\xampp\htdocs\bidding\protected\extensions\SimpleHTMLDOM\SimpleHTMLDOM.php (85)
in C:\xampp\htdocs\bidding\protected\controllers\ScrapperController.php (101)
in C:\xampp\htdocs\bidding\protected\controllers\ScrapperController.php (25)
2013/04/06 14:07:15 [error] [php] file_get_contents(http://www.ncdex.com/MarketData/LiveSpotQuotes.aspx) [<a href='function.file-get-contents'>function.file-get-contents</a>]: failed to open stream: HTTP request failed! HTTP/1.1 404 Not Found
 (C:\xampp\htdocs\bidding\protected\extensions\SimpleHTMLDOM\SimpleHTMLDOM.php:85)
Stack trace:
#0 C:\xampp\htdocs\bidding\protected\controllers\ScrapperController.php(25): ScrapperController->scrapSpot()
#1 C:\xampp\framework\web\actions\CInlineAction.php(50): ScrapperController->actionIndex()
#2 C:\xampp\framework\web\CController.php(309): CInlineAction->runWithParams()
#3 C:\xampp\framework\web\filters\CFilterChain.php(134): ScrapperController->runAction()
#4 C:\xampp\framework\web\filters\CFilter.php(41): CFilterChain->run()
#5 C:\xampp\htdocs\bidding\protected\modules\rights\components\RController.php(36): RightsFilter->filter()
#6 C:\xampp\framework\web\filters\CInlineFilter.php(59): ScrapperController->filterRights()
#7 C:\xampp\framework\web\filters\CFilterChain.php(131): CInlineFilter->filter()
#8 C:\xampp\framework\web\CController.php(292): CFilterChain->run()
#9 C:\xampp\framework\web\CController.php(266): ScrapperController->runActionWithFilters()
#10 C:\xampp\framework\web\CWebApplication.php(276): ScrapperController->run()
#11 C:\xampp\framework\web\CWebApplication.php(135): CWebApplication->runController()
#12 C:\xampp\framework\base\CApplication.php(162): CWebApplication->processRequest()
#13 C:\xampp\htdocs\bidding\index.php(13): CWebApplication->run()
REQUEST_URI=/bidding/scrapper
in C:\xampp\htdocs\bidding\protected\extensions\SimpleHTMLDOM\SimpleHTMLDOM.php (85)
in C:\xampp\htdocs\bidding\protected\controllers\ScrapperController.php (101)
in C:\xampp\htdocs\bidding\protected\controllers\ScrapperController.php (25)
2013/04/06 14:14:22 [error] [php] ob_flush() [<a href='ref.outcontrol'>ref.outcontrol</a>]: failed to flush buffer. No buffer to flush (C:\xampp\htdocs\bidding\protected\controllers\ScrapperController.php:62)
Stack trace:
#0 C:\xampp\framework\web\CController.php(309): CInlineAction->runWithParams()
#1 C:\xampp\framework\web\filters\CFilterChain.php(134): ScrapperController->runAction()
#2 C:\xampp\framework\web\filters\CFilter.php(41): CFilterChain->run()
#3 C:\xampp\htdocs\bidding\protected\modules\rights\components\RController.php(36): RightsFilter->filter()
#4 C:\xampp\framework\web\filters\CInlineFilter.php(59): ScrapperController->filterRights()
#5 C:\xampp\framework\web\filters\CFilterChain.php(131): CInlineFilter->filter()
#6 C:\xampp\framework\web\CController.php(292): CFilterChain->run()
#7 C:\xampp\framework\web\CController.php(266): ScrapperController->runActionWithFilters()
#8 C:\xampp\framework\web\CWebApplication.php(276): ScrapperController->run()
#9 C:\xampp\framework\web\CWebApplication.php(135): CWebApplication->runController()
#10 C:\xampp\framework\base\CApplication.php(162): CWebApplication->processRequest()
#11 C:\xampp\htdocs\bidding\index.php(13): CWebApplication->run()
REQUEST_URI=/bidding/scrapper
in C:\xampp\htdocs\bidding\protected\controllers\ScrapperController.php (62)
in C:\xampp\htdocs\bidding\protected\modules\rights\components\RController.php (36)
in C:\xampp\htdocs\bidding\index.php (13)
2013/04/06 14:22:09 [error] [php] Undefined index: @attributes (C:\xampp\htdocs\bidding\protected\controllers\ScrapperController.php:88)
Stack trace:
#0 C:\xampp\framework\web\CController.php(309): CInlineAction->runWithParams()
#1 C:\xampp\framework\web\filters\CFilterChain.php(134): ScrapperController->runAction()
#2 C:\xampp\framework\web\filters\CFilter.php(41): CFilterChain->run()
#3 C:\xampp\htdocs\bidding\protected\modules\rights\components\RController.php(36): RightsFilter->filter()
#4 C:\xampp\framework\web\filters\CInlineFilter.php(59): ScrapperController->filterRights()
#5 C:\xampp\framework\web\filters\CFilterChain.php(131): CInlineFilter->filter()
#6 C:\xampp\framework\web\CController.php(292): CFilterChain->run()
#7 C:\xampp\framework\web\CController.php(266): ScrapperController->runActionWithFilters()
#8 C:\xampp\framework\web\CWebApplication.php(276): ScrapperController->run()
#9 C:\xampp\framework\web\CWebApplication.php(135): CWebApplication->runController()
#10 C:\xampp\framework\base\CApplication.php(162): CWebApplication->processRequest()
#11 C:\xampp\htdocs\bidding\index.php(13): CWebApplication->run()
REQUEST_URI=/bidding/scrapper
in C:\xampp\htdocs\bidding\protected\controllers\ScrapperController.php (88)
in C:\xampp\htdocs\bidding\protected\controllers\ScrapperController.php (56)
in C:\xampp\htdocs\bidding\protected\modules\rights\components\RController.php (36)
2013/04/06 14:22:36 [error] [php] Undefined index: @attributes (C:\xampp\htdocs\bidding\protected\controllers\ScrapperController.php:88)
Stack trace:
#0 C:\xampp\framework\web\CController.php(309): CInlineAction->runWithParams()
#1 C:\xampp\framework\web\filters\CFilterChain.php(134): ScrapperController->runAction()
#2 C:\xampp\framework\web\filters\CFilter.php(41): CFilterChain->run()
#3 C:\xampp\htdocs\bidding\protected\modules\rights\components\RController.php(36): RightsFilter->filter()
#4 C:\xampp\framework\web\filters\CInlineFilter.php(59): ScrapperController->filterRights()
#5 C:\xampp\framework\web\filters\CFilterChain.php(131): CInlineFilter->filter()
#6 C:\xampp\framework\web\CController.php(292): CFilterChain->run()
#7 C:\xampp\framework\web\CController.php(266): ScrapperController->runActionWithFilters()
#8 C:\xampp\framework\web\CWebApplication.php(276): ScrapperController->run()
#9 C:\xampp\framework\web\CWebApplication.php(135): CWebApplication->runController()
#10 C:\xampp\framework\base\CApplication.php(162): CWebApplication->processRequest()
#11 C:\xampp\htdocs\bidding\index.php(13): CWebApplication->run()
REQUEST_URI=/bidding/scrapper
in C:\xampp\htdocs\bidding\protected\controllers\ScrapperController.php (88)
in C:\xampp\htdocs\bidding\protected\controllers\ScrapperController.php (56)
in C:\xampp\htdocs\bidding\protected\modules\rights\components\RController.php (36)
2013/04/06 14:31:42 [error] [php] Undefined variable: newsDataProvider (C:\xampp\htdocs\bidding\protected\controllers\SiteController.php:58)
Stack trace:
#0 C:\xampp\framework\web\CController.php(287): SiteController->runAction()
#1 C:\xampp\framework\web\CController.php(266): SiteController->runActionWithFilters()
#2 C:\xampp\framework\web\CWebApplication.php(276): SiteController->run()
#3 C:\xampp\framework\web\CWebApplication.php(135): CWebApplication->runController()
#4 C:\xampp\framework\base\CApplication.php(162): CWebApplication->processRequest()
#5 C:\xampp\htdocs\bidding\index.php(13): CWebApplication->run()
REQUEST_URI=/bidding/
in C:\xampp\htdocs\bidding\protected\controllers\SiteController.php (58)
in C:\xampp\htdocs\bidding\index.php (13)
2013/04/06 14:31:56 [error] [exception.CException] exception 'CException' with message 'Property "CDataColumn.data" is not defined.' in C:\xampp\framework\base\CComponent.php:131
Stack trace:
#0 C:\xampp\framework\base\CComponent.php(607) : eval()'d code(1): CComponent->__get('data')
#1 C:\xampp\framework\base\CComponent.php(607): eval()
#2 C:\xampp\framework\zii\widgets\grid\CDataColumn.php(139): CComponent->evaluateExpression('html_entity_dec...', Array)
#3 C:\xampp\framework\zii\widgets\grid\CGridColumn.php(138): CDataColumn->renderDataCellContent(0, Object(News))
#4 C:\xampp\framework\zii\widgets\grid\CGridView.php(517): CGridColumn->renderDataCell(0)
#5 C:\xampp\framework\zii\widgets\grid\CGridView.php(490): CGridView->renderTableRow(0)
#6 C:\xampp\framework\zii\widgets\grid\CGridView.php(400): CGridView->renderTableBody()
#7 C:\xampp\framework\zii\widgets\CBaseListView.php(158): CGridView->renderItems()
#8 [internal function]: CBaseListView->renderSection(Array)
#9 C:\xampp\framework\zii\widgets\CBaseListView.php(141): preg_replace_callback('/{(\w+)}/', Array, '{summary}?{item...')
#10 C:\xampp\framework\zii\widgets\CBaseListView.php(126): CBaseListView->renderContent()
#11 C:\xampp\framework\web\CBaseController.php(174): CBaseListView->run()
#12 C:\xampp\htdocs\bidding\themes\abound\views\site\index.php(54): CBaseController->widget('zii.widgets.gri...', Array)
#13 C:\xampp\framework\web\CBaseController.php(127): require('C:\xampp\htdocs...')
#14 C:\xampp\framework\web\CBaseController.php(96): CBaseController->renderInternal('C:\xampp\htdocs...', Array, true)
#15 C:\xampp\framework\web\CController.php(870): CBaseController->renderFile('C:\xampp\htdocs...', Array, true)
#16 C:\xampp\framework\web\CController.php(783): CController->renderPartial('index', Array, true)
#17 C:\xampp\htdocs\bidding\protected\controllers\SiteController.php(58): CController->render('index', Array)
#18 C:\xampp\framework\web\actions\CInlineAction.php(50): SiteController->actionIndex()
#19 C:\xampp\framework\web\CController.php(309): CInlineAction->runWithParams(Array)
#20 C:\xampp\framework\web\CController.php(287): CController->runAction(Object(CInlineAction))
#21 C:\xampp\framework\web\CController.php(266): CController->runActionWithFilters(Object(CInlineAction), Array)
#22 C:\xampp\framework\web\CWebApplication.php(276): CController->run('')
#23 C:\xampp\framework\web\CWebApplication.php(135): CWebApplication->runController('')
#24 C:\xampp\framework\base\CApplication.php(162): CWebApplication->processRequest()
#25 C:\xampp\htdocs\bidding\index.php(13): CApplication->run()
#26 {main}
REQUEST_URI=/bidding/
---
